<?xml version="1.0" encoding="UTF-8"?>
<!-- Generated by org.testng.reporters.JUnitXMLReporter -->
<testsuite ignored="0" hostname="EPPLKRAW047A" failures="0" tests="8" name="Surefire test" time="8.722" errors="0" timestamp="2023-04-04T16:38:04 CEST">
  <testcase classname="api.tests.DDTests" name="testPostUser" time="2.466"/>
  <testcase classname="api.tests.DDTests" name="testPostUser" time="0.723"/>
  <testcase classname="api.tests.DDTests" name="testDeleteUser" time="0.762"/>
  <testcase classname="api.tests.DDTests" name="testDeleteUser" time="0.708"/>
  <testcase classname="api.tests.UserTests" name="testPostUser" time="0.721"/>
  <testcase classname="api.tests.UserTests" name="testGetUser" time="0.703"/>
  <testcase classname="api.tests.UserTests" name="testUpdateUser" time="0.706"/>
  <testcase classname="api.tests.UserTests" name="testDeleteUser" time="0.712"/>
</testsuite> <!-- Surefire test -->
