<?xml version="1.0" encoding="UTF-8"?>
<testng-results ignored="0" total="8" passed="8" failed="0" skipped="0">
  <reporter-output>
  </reporter-output>
  <suite started-at="2023-04-04T16:37:55 CEST" name="Surefire suite" finished-at="2023-04-04T16:38:04 CEST" duration-ms="8722">
    <groups>
    </groups>
    <test started-at="2023-04-04T16:37:55 CEST" name="Surefire test" finished-at="2023-04-04T16:38:04 CEST" duration-ms="8722">
      <class name="api.tests.UserTests">
        <test-method is-config="true" signature="setupData()[pri:0, instance:api.tests.UserTests@2f177a4b]" started-at="2023-04-04T16:38:01 CEST" name="setupData" finished-at="2023-04-04T16:38:01 CEST" duration-ms="174" status="PASS">
          <reporter-output>
          </reporter-output>
        </test-method> <!-- setupData -->
        <test-method signature="testPostUser()[pri:1, instance:api.tests.UserTests@2f177a4b]" started-at="2023-04-04T16:38:01 CEST" name="testPostUser" finished-at="2023-04-04T16:38:02 CEST" duration-ms="721" status="PASS">
          <reporter-output>
          </reporter-output>
        </test-method> <!-- testPostUser -->
        <test-method signature="testGetUser()[pri:2, instance:api.tests.UserTests@2f177a4b]" started-at="2023-04-04T16:38:02 CEST" name="testGetUser" finished-at="2023-04-04T16:38:02 CEST" duration-ms="703" status="PASS">
          <reporter-output>
          </reporter-output>
        </test-method> <!-- testGetUser -->
        <test-method signature="testUpdateUser()[pri:3, instance:api.tests.UserTests@2f177a4b]" started-at="2023-04-04T16:38:02 CEST" name="testUpdateUser" finished-at="2023-04-04T16:38:03 CEST" duration-ms="706" status="PASS">
          <reporter-output>
          </reporter-output>
        </test-method> <!-- testUpdateUser -->
        <test-method signature="testDeleteUser()[pri:4, instance:api.tests.UserTests@2f177a4b]" started-at="2023-04-04T16:38:03 CEST" name="testDeleteUser" finished-at="2023-04-04T16:38:04 CEST" duration-ms="712" status="PASS">
          <reporter-output>
          </reporter-output>
        </test-method> <!-- testDeleteUser -->
      </class> <!-- api.tests.UserTests -->
      <class name="api.tests.DDTests">
        <test-method signature="testPostUser(java.lang.String,java.lang.String,java.lang.String,java.lang.String,java.lang.String,java.lang.String,java.lang.String)[pri:1, instance:api.tests.DDTests@78dd667e]" started-at="2023-04-04T16:37:56 CEST" name="testPostUser" data-provider="Data" finished-at="2023-04-04T16:37:58 CEST" duration-ms="2466" status="PASS">
          <params>
            <param index="0">
              <value>
                <![CDATA[1010]]>
              </value>
            </param>
            <param index="1">
              <value>
                <![CDATA[testUser1]]>
              </value>
            </param>
            <param index="2">
              <value>
                <![CDATA[John]]>
              </value>
            </param>
            <param index="3">
              <value>
                <![CDATA[Seba]]>
              </value>
            </param>
            <param index="4">
              <value>
                <![CDATA[j@gmail.com]]>
              </value>
            </param>
            <param index="5">
              <value>
                <![CDATA[test@1]]>
              </value>
            </param>
            <param index="6">
              <value>
                <![CDATA[56432178]]>
              </value>
            </param>
          </params>
          <reporter-output>
          </reporter-output>
        </test-method> <!-- testPostUser -->
        <test-method signature="testPostUser(java.lang.String,java.lang.String,java.lang.String,java.lang.String,java.lang.String,java.lang.String,java.lang.String)[pri:1, instance:api.tests.DDTests@78dd667e]" started-at="2023-04-04T16:37:58 CEST" name="testPostUser" data-provider="Data" finished-at="2023-04-04T16:37:59 CEST" duration-ms="723" status="PASS">
          <params>
            <param index="0">
              <value>
                <![CDATA[1011]]>
              </value>
            </param>
            <param index="1">
              <value>
                <![CDATA[testUser2]]>
              </value>
            </param>
            <param index="2">
              <value>
                <![CDATA[Peter]]>
              </value>
            </param>
            <param index="3">
              <value>
                <![CDATA[Paul]]>
              </value>
            </param>
            <param index="4">
              <value>
                <![CDATA[p@gmail.com]]>
              </value>
            </param>
            <param index="5">
              <value>
                <![CDATA[test@2]]>
              </value>
            </param>
            <param index="6">
              <value>
                <![CDATA[45678544]]>
              </value>
            </param>
          </params>
          <reporter-output>
          </reporter-output>
        </test-method> <!-- testPostUser -->
        <test-method signature="testDeleteUser(java.lang.String)[pri:2, instance:api.tests.DDTests@78dd667e]" started-at="2023-04-04T16:37:59 CEST" name="testDeleteUser" data-provider="UserNames" finished-at="2023-04-04T16:38:00 CEST" duration-ms="762" status="PASS">
          <params>
            <param index="0">
              <value>
                <![CDATA[testUser1]]>
              </value>
            </param>
          </params>
          <reporter-output>
          </reporter-output>
        </test-method> <!-- testDeleteUser -->
        <test-method signature="testDeleteUser(java.lang.String)[pri:2, instance:api.tests.DDTests@78dd667e]" started-at="2023-04-04T16:38:00 CEST" name="testDeleteUser" data-provider="UserNames" finished-at="2023-04-04T16:38:01 CEST" duration-ms="708" status="PASS">
          <params>
            <param index="0">
              <value>
                <![CDATA[testUser2]]>
              </value>
            </param>
          </params>
          <reporter-output>
          </reporter-output>
        </test-method> <!-- testDeleteUser -->
      </class> <!-- api.tests.DDTests -->
    </test> <!-- Surefire test -->
  </suite> <!-- Surefire suite -->
</testng-results>
