<?xml version="1.0" encoding="UTF-8"?>
<testsuite xmlns:xsi="http://www.w3.org/2001/XMLSchema-instance" xsi:noNamespaceSchemaLocation="https://maven.apache.org/surefire/maven-surefire-plugin/xsd/surefire-test-report-3.0.xsd" version="3.0" name="TestSuite" time="9.207" tests="8" errors="0" skipped="0" failures="0">
  <properties>
[...]
</properties>
  <testcase name="testPostUser[1010, testUser1, John, Seba, j@gmail.com, test@1, 56432178](1)" classname="api.tests.DDTests" time="2.465">
    <system-err><![CDATA[SLF4J: Failed to load class "org.slf4j.impl.StaticLoggerBinder".
SLF4J: Defaulting to no-operation (NOP) logger implementation
SLF4J: See http://www.slf4j.org/codes.html#StaticLoggerBinder for further details.
ERROR StatusLogger Log4j2 could not find a logging implementation. Please add log4j-core to the classpath. Using SimpleLogger to log to the console...
]]></system-err>
  </testcase>
  <testcase name="testPostUser[1011, testUser2, Peter, Paul, p@gmail.com, test@2, 45678544](2)" classname="api.tests.DDTests" time="0.721"/>
  <testcase name="testDeleteUser[testUser1](1)" classname="api.tests.DDTests" time="0.764">
    <system-out><![CDATA[HTTP/1.1 200 OK
Date: Tue, 04 Apr 2023 14:38:00 GMT
Content-Type: application/json
Transfer-Encoding: chunked
Connection: keep-alive
Access-Control-Allow-Origin: *
Access-Control-Allow-Methods: GET, POST, DELETE, PUT
Access-Control-Allow-Headers: Content-Type, api_key, Authorization
Server: Jetty(9.2.9.v20150224)

{
    "id": 1010,
    "username": "testUser1",
    "email": "j@gmail.com",
    "password": "test@1",
    "phone": "56432178",
    "userStatus": 0
}
]]></system-out>
  </testcase>
  <testcase name="testDeleteUser[testUser2](2)" classname="api.tests.DDTests" time="0.713">
    <system-out><![CDATA[HTTP/1.1 200 OK
Date: Tue, 04 Apr 2023 14:38:01 GMT
Content-Type: application/json
Transfer-Encoding: chunked
Connection: keep-alive
Access-Control-Allow-Origin: *
Access-Control-Allow-Methods: GET, POST, DELETE, PUT
Access-Control-Allow-Headers: Content-Type, api_key, Authorization
Server: Jetty(9.2.9.v20150224)

{
    "id": 1011,
    "username": "testUser2",
    "email": "p@gmail.com",
    "password": "test@2",
    "phone": "45678544",
    "userStatus": 0
}
]]></system-out>
  </testcase>
  <testcase name="testPostUser" classname="api.tests.UserTests" time="0.722">
    <system-out><![CDATA[HTTP/1.1 200 OK
Date: Tue, 04 Apr 2023 14:38:02 GMT
Content-Type: application/json
Transfer-Encoding: chunked
Connection: keep-alive
Access-Control-Allow-Origin: *
Access-Control-Allow-Methods: GET, POST, DELETE, PUT
Access-Control-Allow-Headers: Content-Type, api_key, Authorization
Server: Jetty(9.2.9.v20150224)

{
    "code": 200,
    "type": "unknown",
    "message": "1178270318"
}
]]></system-out>
  </testcase>
  <testcase name="testGetUser" classname="api.tests.UserTests" time="0.703">
    <system-out><![CDATA[HTTP/1.1 200 OK
Date: Tue, 04 Apr 2023 14:38:03 GMT
Content-Type: application/json
Transfer-Encoding: chunked
Connection: keep-alive
Access-Control-Allow-Origin: *
Access-Control-Allow-Methods: GET, POST, DELETE, PUT
Access-Control-Allow-Headers: Content-Type, api_key, Authorization
Server: Jetty(9.2.9.v20150224)

{
    "id": 1178270318,
    "username": "colin.klein",
    "email": "angelique.rohan@example.com",
    "password": "5vjk6y",
    "phone": "(657) 521-9233",
    "userStatus": 0
}
]]></system-out>
  </testcase>
  <testcase name="testUpdateUser" classname="api.tests.UserTests" time="0.707">
    <system-out><![CDATA[{
    "code": 405,
    "type": "unknown"
}
]]></system-out>
  </testcase>
  <testcase name="testDeleteUser" classname="api.tests.UserTests" time="0.713">
    <system-out><![CDATA[HTTP/1.1 200 OK
Date: Tue, 04 Apr 2023 14:38:04 GMT
Content-Type: application/json
Transfer-Encoding: chunked
Connection: keep-alive
Access-Control-Allow-Origin: *
Access-Control-Allow-Methods: GET, POST, DELETE, PUT
Access-Control-Allow-Headers: Content-Type, api_key, Authorization
Server: Jetty(9.2.9.v20150224)

{
    "id": 1178270318,
    "username": "colin.klein",
    "email": "angelique.rohan@example.com",
    "password": "5vjk6y",
    "phone": "(657) 521-9233",
    "userStatus": 0
}
]]></system-out>
  </testcase>
</testsuite>